[SWMadagascar_Climate_Data_pipeline] [INFO] [2026-03-11 15:43:48]: Running SWMadagascar_Climate_Data_pipeline...
[SWMadagascar_Climate_Data_pipeline] [INFO] [2026-03-11 15:43:48]: Invalidating weather_data_update target to trigger pipeline rerun...
[SWMadagascar_Climate_Data_pipeline] [INFO] [2026-03-11 15:43:48]: Running targets pipeline...
[SWMadagascar_Climate_Data_pipeline] [INFO] [2026-03-11 15:44:00]: SWMadagascar_Climate_Data_pipeline completed.
[SWMadagascar_Climate_Data_pipeline] [INFO] [2026-03-11 15:49:13]: [K
[SWMadagascar_Climate_Data_pipeline] [INFO] [2026-03-11 15:49:13]: [36mâ„ą[39m Running SWMadagascar_Climate_Data_pipeline...
[SWMadagascar_Climate_Data_pipeline] [INFO] [2026-03-11 15:49:13]: [36mâ„ą[39m [34mSWMadagascar_Climate_Data_pipeline[39m
[SWMadagascar_Climate_Data_pipeline] [INFO] [2026-03-11 15:49:13]: [K
[SWMadagascar_Climate_Data_pipeline] [INFO] [2026-03-11 15:49:13]: [33m![39m Invalidating weather_data_update target to trigger pipeline rerun...
[SWMadagascar_Climate_Data_pipeline] [INFO] [2026-03-11 15:49:13]: [36mâ„ą[39m [34mSWMadagascar_Climate_Data_pipeline[39m
[SWMadagascar_Climate_Data_pipeline] [INFO] [2026-03-11 15:49:14]: [K
[SWMadagascar_Climate_Data_pipeline] [INFO] [2026-03-11 15:49:14]: [36mâ„ą[39m Running targets pipeline for Ambient Weather Sensors...
[SWMadagascar_Climate_Data_pipeline] [INFO] [2026-03-11 15:49:14]: [36mâ„ą[39m [34mSWMadagascar_Climate_Data_pipeline[39m
[SWMadagascar_Climate_Data_pipeline] [INFO] [2026-03-11 15:49:29]: [K
[SWMadagascar_Climate_Data_pipeline] [INFO] [2026-03-11 15:49:29]: [32mâś”[39m Ambient Weather Sensors pipeline completed.
[SWMadagascar_Climate_Data_pipeline] [INFO] [2026-03-11 15:49:29]: [36mâ„ą[39m [34mSWMadagascar_Climate_Data_pipeline[39m
[SWMadagascar_Climate_Data_pipeline] [INFO] [2026-03-11 15:49:29]: [K
[SWMadagascar_Climate_Data_pipeline] [INFO] [2026-03-11 15:49:29]: [36mâ„ą[39m Updating Raw File List...
[SWMadagascar_Climate_Data_pipeline] [INFO] [2026-03-11 15:49:29]: [36mâ„ą[39m [34mSWMadagascar_Climate_Data_pipeline[39m
[SWMadagascar_Climate_Data_pipeline] [INFO] [2026-03-11 15:49:36]: [K
[SWMadagascar_Climate_Data_pipeline] [INFO] [2026-03-11 15:49:36]: [32mâś”[39m SWMadagascar_Climate_Data_pipeline completed.
[SWMadagascar_Climate_Data_pipeline] [INFO] [2026-03-11 15:49:36]: [36mâ„ą[39m [34mSWMadagascar_Climate_Data_pipeline[39m
